<?xml version="1.0" encoding="UTF-8"?>
<testsuite name="RemoteControlCarTest" tests="8" skipped="0" failures="0" errors="0" timestamp="2023-10-12T09:16:11" hostname="DESKTOP-LQINDAJ" time="0.047">
  <properties/>
  <testcase name="experimentalRccIsRemoteControlCar" classname="RemoteControlCarTest" time="0.041"/>
  <testcase name="ensureCarsAreComparable" classname="RemoteControlCarTest" time="0.002"/>
  <testcase name="productionCarTravels10UnitsPerDrive" classname="RemoteControlCarTest" time="0.002"/>
  <testcase name="rankManyCars" classname="RemoteControlCarTest" time="0.001"/>
  <testcase name="race" classname="RemoteControlCarTest" time="0.0"/>
  <testcase name="experimentalCarTravels20UnitsPerDrive" classname="RemoteControlCarTest" time="0.001"/>
  <testcase name="productionRccIsRemoteControlCar" classname="RemoteControlCarTest" time="0.0"/>
  <testcase name="rankTwoCars" classname="RemoteControlCarTest" time="0.0"/>
  <system-out><![CDATA[]]></system-out>
  <system-err><![CDATA[]]></system-err>
</testsuite>
