<?xml version="1.0" encoding="UTF-8"?>
<testsuite name="SqueakyCleanTest" tests="1" skipped="0" failures="0" errors="0" timestamp="2023-09-12T19:21:28" hostname="DESKTOP-LQINDAJ" time="0.031">
  <properties/>
  <testcase name="ctrl" classname="SqueakyCleanTest" time="0.031"/>
  <system-out><![CDATA[]]></system-out>
  <system-err><![CDATA[]]></system-err>
</testsuite>
