<?xml version="1.0" encoding="UTF-8"?>
<testsuite name="TwoferTest" tests="1" skipped="1" failures="0" errors="0" timestamp="2023-09-26T16:19:25" hostname="DESKTOP-LQINDAJ" time="0.0">
  <properties/>
  <testcase name="anotherNameGiven" classname="TwoferTest" time="0.0">
    <skipped/>
  </testcase>
  <system-out><![CDATA[]]></system-out>
  <system-err><![CDATA[]]></system-err>
</testsuite>
