<?xml version="1.0" encoding="UTF-8"?>
<testsuite name="TwoferTest" tests="3" skipped="0" failures="0" errors="0" timestamp="2023-09-26T16:26:22" hostname="DESKTOP-LQINDAJ" time="0.038">
  <properties/>
  <testcase name="noNameGiven" classname="TwoferTest" time="0.033"/>
  <testcase name="aNameGiven" classname="TwoferTest" time="0.005"/>
  <testcase name="anotherNameGiven" classname="TwoferTest" time="0.0"/>
  <system-out><![CDATA[]]></system-out>
  <system-err><![CDATA[]]></system-err>
</testsuite>
